<?xml version="1.0" encoding="UTF-8"?>
<testsuite xmlns:xsi="http://www.w3.org/2001/XMLSchema-instance" xsi:noNamespaceSchemaLocation="https://maven.apache.org/surefire/maven-surefire-plugin/xsd/surefire-test-report.xsd" name="caculator.calculatorTest" time="0.075" tests="6" errors="6" skipped="0" failures="0">
  <properties>
[...]
</properties>
  <testcase name="divide" classname="caculator.calculatorTest" time="0.007">
    <error type="java.lang.NullPointerException">java.lang.NullPointerException
	at caculator.calculatorTest.divide(calculatorTest.java:37)
</error>
  </testcase>
  <testcase name="max" classname="caculator.calculatorTest" time="0">
    <error type="java.lang.NullPointerException">java.lang.NullPointerException
	at caculator.calculatorTest.max(calculatorTest.java:55)
</error>
  </testcase>
  <testcase name="min" classname="caculator.calculatorTest" time="0">
    <error type="java.lang.NullPointerException">java.lang.NullPointerException
	at caculator.calculatorTest.min(calculatorTest.java:49)
</error>
  </testcase>
  <testcase name="sub" classname="caculator.calculatorTest" time="0">
    <error type="java.lang.NullPointerException">java.lang.NullPointerException
	at caculator.calculatorTest.sub(calculatorTest.java:18)
</error>
  </testcase>
  <testcase name="minus" classname="caculator.calculatorTest" time="0">
    <error type="java.lang.NullPointerException">java.lang.NullPointerException
	at caculator.calculatorTest.minus(calculatorTest.java:27)
</error>
  </testcase>
  <testcase name="multiply" classname="caculator.calculatorTest" time="0.001">
    <error type="java.lang.NullPointerException">java.lang.NullPointerException
	at caculator.calculatorTest.multiply(calculatorTest.java:32)
</error>
  </testcase>
</testsuite>